2020-11-19 16:33:51,836 [main] [com.example.demo.pay.utils.variation.PayServiceUtils] [INFO] (PayServiceUtils.java:52)- 企业支付开始，用户:o7Hzn0rr6U3Xb7Q1W9M-bH7SQXys  订单号:996846M20180330115059R5X9H9MHY 金额:100, ip=192.168.1.1
2020-11-19 16:33:51,962 [main] [com.example.demo.pay.utils.variation.PayServiceUtils] [ERROR] (PayServiceUtils.java:125)- 企业付款异常：E:\workspace-spring-tool-suite-4-4.1.2.RELEASE\springboot-wechat-pay\cert\apiclient_cert.p12 (系统找不到指定的文件。)
java.lang.RuntimeException: E:\workspace-spring-tool-suite-4-4.1.2.RELEASE\springboot-wechat-pay\cert\apiclient_cert.p12 (系统找不到指定的文件。)
	at com.example.demo.pay.utils.FsClientWithCertSSL.doPost(FsClientWithCertSSL.java:137)
	at com.example.demo.pay.utils.FsClientWithCertSSL.doPost(FsClientWithCertSSL.java:88)
	at com.example.demo.pay.utils.variation.PayServiceUtils.doEpay(PayServiceUtils.java:59)
	at com.example.demo.pay.test.WechatPayServiceTest.main(WechatPayServiceTest.java:26)
2020-11-19 16:50:31,218 [main] [com.example.demo.SpringbootWechatPayApplication] [INFO] (StartupInfoLogger.java:50)- Starting SpringbootWechatPayApplication on DESKTOP-MPF9R39 with PID 12728 (E:\workspace-spring-tool-suite-4-4.1.2.RELEASE\springboot-wechat-pay\target\classes started by zuoruibo in E:\workspace-spring-tool-suite-4-4.1.2.RELEASE\springboot-wechat-pay)
2020-11-19 16:50:31,220 [main] [com.example.demo.SpringbootWechatPayApplication] [DEBUG] (StartupInfoLogger.java:53)- Running with Spring Boot v2.1.3.RELEASE, Spring v5.1.5.RELEASE
2020-11-19 16:50:31,221 [main] [com.example.demo.SpringbootWechatPayApplication] [INFO] (SpringApplication.java:675)- No active profile set, falling back to default profiles: default
2020-11-19 16:50:32,692 [main] [com.example.demo.SpringbootWechatPayApplication] [INFO] (StartupInfoLogger.java:59)- Started SpringbootWechatPayApplication in 1.766 seconds (JVM running for 3.643)
2020-11-19 16:50:37,665 [pool-1-thread-1] [com.example.demo.task.ScheduledTasks] [INFO] (ScheduledTasks.java:31)- ------------------------------------------------
2020-11-19 16:50:37,665 [pool-1-thread-1] [com.example.demo.task.ScheduledTasks] [INFO] (ScheduledTasks.java:32)- ============微信打款任务，start===================
2020-11-19 16:50:37,666 [pool-1-thread-1] [com.example.demo.task.ScheduledTasks] [INFO] (ScheduledTasks.java:37)- ============微信打款任务，end===================
2020-11-19 16:50:37,666 [pool-1-thread-1] [com.example.demo.task.ScheduledTasks] [INFO] (ScheduledTasks.java:38)- ------------------------------------------------
2020-11-19 16:51:37,667 [pool-1-thread-1] [com.example.demo.task.ScheduledTasks] [INFO] (ScheduledTasks.java:31)- ------------------------------------------------
2020-11-19 16:51:37,667 [pool-1-thread-1] [com.example.demo.task.ScheduledTasks] [INFO] (ScheduledTasks.java:32)- ============微信打款任务，start===================
2020-11-19 16:51:37,668 [pool-1-thread-1] [com.example.demo.task.ScheduledTasks] [INFO] (ScheduledTasks.java:37)- ============微信打款任务，end===================
2020-11-19 16:51:37,668 [pool-1-thread-1] [com.example.demo.task.ScheduledTasks] [INFO] (ScheduledTasks.java:38)- ------------------------------------------------
2020-11-19 16:52:37,669 [pool-1-thread-2] [com.example.demo.task.ScheduledTasks] [INFO] (ScheduledTasks.java:31)- ------------------------------------------------
2020-11-19 16:52:37,669 [pool-1-thread-2] [com.example.demo.task.ScheduledTasks] [INFO] (ScheduledTasks.java:32)- ============微信打款任务，start===================
2020-11-19 16:52:37,669 [pool-1-thread-2] [com.example.demo.task.ScheduledTasks] [INFO] (ScheduledTasks.java:37)- ============微信打款任务，end===================
2020-11-19 16:52:37,669 [pool-1-thread-2] [com.example.demo.task.ScheduledTasks] [INFO] (ScheduledTasks.java:38)- ------------------------------------------------
2020-11-19 16:53:37,671 [pool-1-thread-1] [com.example.demo.task.ScheduledTasks] [INFO] (ScheduledTasks.java:31)- ------------------------------------------------
2020-11-19 16:53:37,671 [pool-1-thread-1] [com.example.demo.task.ScheduledTasks] [INFO] (ScheduledTasks.java:32)- ============微信打款任务，start===================
2020-11-19 16:53:37,671 [pool-1-thread-1] [com.example.demo.task.ScheduledTasks] [INFO] (ScheduledTasks.java:37)- ============微信打款任务，end===================
2020-11-19 16:53:37,671 [pool-1-thread-1] [com.example.demo.task.ScheduledTasks] [INFO] (ScheduledTasks.java:38)- ------------------------------------------------
2020-11-19 16:54:37,673 [pool-1-thread-3] [com.example.demo.task.ScheduledTasks] [INFO] (ScheduledTasks.java:31)- ------------------------------------------------
2020-11-19 16:54:37,673 [pool-1-thread-3] [com.example.demo.task.ScheduledTasks] [INFO] (ScheduledTasks.java:32)- ============微信打款任务，start===================
2020-11-19 16:54:37,673 [pool-1-thread-3] [com.example.demo.task.ScheduledTasks] [INFO] (ScheduledTasks.java:37)- ============微信打款任务，end===================
2020-11-19 16:54:37,673 [pool-1-thread-3] [com.example.demo.task.ScheduledTasks] [INFO] (ScheduledTasks.java:38)- ------------------------------------------------
2020-11-19 16:55:37,674 [pool-1-thread-2] [com.example.demo.task.ScheduledTasks] [INFO] (ScheduledTasks.java:31)- ------------------------------------------------
2020-11-19 16:55:37,674 [pool-1-thread-2] [com.example.demo.task.ScheduledTasks] [INFO] (ScheduledTasks.java:32)- ============微信打款任务，start===================
2020-11-19 16:55:37,674 [pool-1-thread-2] [com.example.demo.task.ScheduledTasks] [INFO] (ScheduledTasks.java:37)- ============微信打款任务，end===================
2020-11-19 16:55:37,674 [pool-1-thread-2] [com.example.demo.task.ScheduledTasks] [INFO] (ScheduledTasks.java:38)- ------------------------------------------------
2020-11-19 16:56:37,676 [pool-1-thread-4] [com.example.demo.task.ScheduledTasks] [INFO] (ScheduledTasks.java:31)- ------------------------------------------------
2020-11-19 16:56:37,676 [pool-1-thread-4] [com.example.demo.task.ScheduledTasks] [INFO] (ScheduledTasks.java:32)- ============微信打款任务，start===================
2020-11-19 16:56:37,676 [pool-1-thread-4] [com.example.demo.task.ScheduledTasks] [INFO] (ScheduledTasks.java:37)- ============微信打款任务，end===================
2020-11-19 16:56:37,676 [pool-1-thread-4] [com.example.demo.task.ScheduledTasks] [INFO] (ScheduledTasks.java:38)- ------------------------------------------------
2020-11-19 16:57:37,677 [pool-1-thread-1] [com.example.demo.task.ScheduledTasks] [INFO] (ScheduledTasks.java:31)- ------------------------------------------------
2020-11-19 16:57:37,677 [pool-1-thread-1] [com.example.demo.task.ScheduledTasks] [INFO] (ScheduledTasks.java:32)- ============微信打款任务，start===================
2020-11-19 16:57:37,678 [pool-1-thread-1] [com.example.demo.task.ScheduledTasks] [INFO] (ScheduledTasks.java:37)- ============微信打款任务，end===================
2020-11-19 16:57:37,678 [pool-1-thread-1] [com.example.demo.task.ScheduledTasks] [INFO] (ScheduledTasks.java:38)- ------------------------------------------------
2020-11-19 16:58:37,680 [pool-1-thread-5] [com.example.demo.task.ScheduledTasks] [INFO] (ScheduledTasks.java:31)- ------------------------------------------------
2020-11-19 16:58:37,680 [pool-1-thread-5] [com.example.demo.task.ScheduledTasks] [INFO] (ScheduledTasks.java:32)- ============微信打款任务，start===================
2020-11-19 16:58:37,680 [pool-1-thread-5] [com.example.demo.task.ScheduledTasks] [INFO] (ScheduledTasks.java:37)- ============微信打款任务，end===================
2020-11-19 16:58:37,680 [pool-1-thread-5] [com.example.demo.task.ScheduledTasks] [INFO] (ScheduledTasks.java:38)- ------------------------------------------------
2020-11-19 16:59:37,682 [pool-1-thread-3] [com.example.demo.task.ScheduledTasks] [INFO] (ScheduledTasks.java:31)- ------------------------------------------------
2020-11-19 16:59:37,682 [pool-1-thread-3] [com.example.demo.task.ScheduledTasks] [INFO] (ScheduledTasks.java:32)- ============微信打款任务，start===================
2020-11-19 16:59:37,683 [pool-1-thread-3] [com.example.demo.task.ScheduledTasks] [INFO] (ScheduledTasks.java:37)- ============微信打款任务，end===================
2020-11-19 16:59:37,683 [pool-1-thread-3] [com.example.demo.task.ScheduledTasks] [INFO] (ScheduledTasks.java:38)- ------------------------------------------------
2020-11-19 17:00:37,685 [pool-1-thread-3] [com.example.demo.task.ScheduledTasks] [INFO] (ScheduledTasks.java:31)- ------------------------------------------------
2020-11-19 17:00:37,685 [pool-1-thread-3] [com.example.demo.task.ScheduledTasks] [INFO] (ScheduledTasks.java:32)- ============微信打款任务，start===================
2020-11-19 17:00:37,685 [pool-1-thread-3] [com.example.demo.task.ScheduledTasks] [INFO] (ScheduledTasks.java:37)- ============微信打款任务，end===================
2020-11-19 17:00:37,686 [pool-1-thread-3] [com.example.demo.task.ScheduledTasks] [INFO] (ScheduledTasks.java:38)- ------------------------------------------------
2020-11-19 17:01:37,687 [pool-1-thread-3] [com.example.demo.task.ScheduledTasks] [INFO] (ScheduledTasks.java:31)- ------------------------------------------------
2020-11-19 17:01:37,687 [pool-1-thread-3] [com.example.demo.task.ScheduledTasks] [INFO] (ScheduledTasks.java:32)- ============微信打款任务，start===================
2020-11-19 17:01:37,687 [pool-1-thread-3] [com.example.demo.task.ScheduledTasks] [INFO] (ScheduledTasks.java:37)- ============微信打款任务，end===================
2020-11-19 17:01:37,688 [pool-1-thread-3] [com.example.demo.task.ScheduledTasks] [INFO] (ScheduledTasks.java:38)- ------------------------------------------------
